apib1.anz.com
www.citibank.com.vn
www.hsbc.com.vn
vn.online.standardchartered.com
www.acbonline.com.vn
ebank.tpb.vn
ebanking.dongabank.com.vn
www.seanet.vn
ib.oceanbank.vn
ebanking.abbank.vn
ib.baca-bank.vn
ib.gpbank.com.vn
ebanking.vietcapitalbank.com.vn
ebank.msb.com.vn
ib.techcombank.com.vn
ebank.kienlongbank.com
ebanking.namabank.com.vn
www.ncb-bank.vn
online.vpbank.com.vn
ebanking.hdbank.vn
ebanking.southernbank.com.vn
ebanking.ocb.com.vn
ebanking.mbbank.com.vn
ibanking.pvcombank.com.vn
ib.vib.com.vn
ebanking.scb.com.vn
ibanking.saigonbank.com.vn
ibanking.shb.com.vn
www.isacombank.com.vn
ebanking.vietabank.com.vn
ebank.baovietbank.vn
online.vietbank.com.vn
home.pgbank.com.vn
ebanking.eximbank.vn
ebanking.lienvietpostbank.com.vn
www.vietcombank.com.vn
www.mdb.com.vn
ebanking.vncb.vn
ebanking.vietinbank.vn
www.bidv.vn
ibank.agribank.com.vn